<?xml version="1.0" encoding="UTF-8"?>
<testng-results skipped="0" failed="0" total="1" passed="1">
  <reporter-output>
  </reporter-output>
  <suite name="Suite" duration-ms="16" started-at="2018-12-28T12:00:34Z" finished-at="2018-12-28T12:00:34Z">
    <groups>
    </groups>
    <test name="Test" duration-ms="16" started-at="2018-12-28T12:00:34Z" finished-at="2018-12-28T12:00:34Z">
      <class name="newTestMaven.test11">
        <test-method status="PASS" signature="sampleMethod()[pri:0, instance:newTestMaven.test11@34b7bfc0]" name="sampleMethod" duration-ms="6" started-at="2018-12-28T17:30:34Z" finished-at="2018-12-28T17:30:34Z">
          <reporter-output>
          </reporter-output>
        </test-method> <!-- sampleMethod -->
      </class> <!-- newTestMaven.test11 -->
    </test> <!-- Test -->
  </suite> <!-- Suite -->
</testng-results>
